<?xml version="1.0" encoding="UTF-8"?>
<!-- Generated by org.testng.reporters.JUnitReportReporter -->
<testsuite skipped="0" hostname="DESKTOP-JN3B50F" name="insurance.Tc_It_003" tests="1" failures="0" timestamp="2023-01-25T18:33:13 IST" time="33.770" errors="0">
  <testcase name="addClient" time="33.770" classname="insurance.Tc_It_003"/>
  <system-out>
valid username is displayed 1674651774 file uploaded successfully actual id is: 1674651774 client id is mathching  </system-out>
</testsuite> <!-- insurance.Tc_It_003 -->
