<?xml version="1.0" encoding="UTF-8"?>
<!-- Generated by org.testng.reporters.JUnitReportReporter -->
<testsuite skipped="0" hostname="DESKTOP-JN3B50F" name="insurance.Basepage" tests="1" failures="0" timestamp="2023-01-25T12:36:36 IST" time="16.625" errors="0">
  <testcase name="methodForLogin" time="16.625" classname="insurance.Basepage"/>
  <system-out>
welcome, 555  </system-out>
</testsuite> <!-- insurance.Basepage -->
